Starting Single Run, Sweeps and Corners...

Current time: Sun Oct 12 14:46:47 2025 
Best design point: 1
Design specs: 
	np_cm_gain	corner	Nominal - 
	p_cm_gain	corner	Nominal - 
Design parameters: 
	iac		0
	vcm		1.6
	VDD		3.2
	VSS		0
	Lout_p		350n
	Wout_p		10u
	Lout_n		2.76u
	Wout_n		5.75u
	Ldp_p		350n
	Wdp_p		27.66u
	Ldp_n		2.76u
	Wdp_n		5.75u
	Rbias		2K
	VCM		1.6

Interactive.10
Number of points completed: 1
Number of simulation errors: 0
Interactive.10 completed. 
Current time: Sun Oct 12 14:46:59 2025 
